Timing Analyzer report for Final
Tue Feb 13 11:27:56 2024
Quartus Prime Version 20.1.0 Build 711 06/05/2020 SJ Lite Edition


---------------------
; Table of Contents ;
---------------------
  1. Legal Notice
  2. Timing Analyzer Summary
  3. Parallel Compilation
  4. SDC File List
  5. Clocks
  6. Slow 1200mV 85C Model Fmax Summary
  7. Slow 1200mV 85C Model Setup Summary
  8. Slow 1200mV 85C Model Hold Summary
  9. Slow 1200mV 85C Model Recovery Summary
 10. Slow 1200mV 85C Model Removal Summary
 11. Slow 1200mV 85C Model Minimum Pulse Width Summary
 12. Slow 1200mV 85C Model Metastability Summary
 13. Slow 1200mV 0C Model Fmax Summary
 14. Slow 1200mV 0C Model Setup Summary
 15. Slow 1200mV 0C Model Hold Summary
 16. Slow 1200mV 0C Model Recovery Summary
 17. Slow 1200mV 0C Model Removal Summary
 18. Slow 1200mV 0C Model Minimum Pulse Width Summary
 19. Slow 1200mV 0C Model Metastability Summary
 20. Fast 1200mV 0C Model Setup Summary
 21. Fast 1200mV 0C Model Hold Summary
 22. Fast 1200mV 0C Model Recovery Summary
 23. Fast 1200mV 0C Model Removal Summary
 24. Fast 1200mV 0C Model Minimum Pulse Width Summary
 25. Fast 1200mV 0C Model Metastability Summary
 26. Multicorner Timing Analysis Summary
 27. Board Trace Model Assignments
 28. Input Transition Times
 29. Signal Integrity Metrics (Slow 1200mv 0c Model)
 30. Signal Integrity Metrics (Slow 1200mv 85c Model)
 31. Signal Integrity Metrics (Fast 1200mv 0c Model)
 32. Setup Transfers
 33. Hold Transfers
 34. Recovery Transfers
 35. Removal Transfers
 36. Report TCCS
 37. Report RSKM
 38. Unconstrained Paths Summary
 39. Clock Status Summary
 40. Unconstrained Input Ports
 41. Unconstrained Output Ports
 42. Unconstrained Input Ports
 43. Unconstrained Output Ports
 44. Timing Analyzer Messages



----------------
; Legal Notice ;
----------------
Copyright (C) 2020  Intel Corporation. All rights reserved.
Your use of Intel Corporation's design tools, logic functions 
and other software and tools, and any partner logic 
functions, and any output files from any of the foregoing 
(including device programming or simulation files), and any 
associated documentation or information are expressly subject 
to the terms and conditions of the Intel Program License 
Subscription Agreement, the Intel Quartus Prime License Agreement,
the Intel FPGA IP License Agreement, or other applicable license
agreement, including, without limitation, that your use is for
the sole purpose of programming logic devices manufactured by
Intel and sold by Intel or its authorized distributors.  Please
refer to the applicable agreement for further details, at
https://fpgasoftware.intel.com/eula.



+-----------------------------------------------------------------------------+
; Timing Analyzer Summary                                                     ;
+-----------------------+-----------------------------------------------------+
; Quartus Prime Version ; Version 20.1.0 Build 711 06/05/2020 SJ Lite Edition ;
; Timing Analyzer       ; Legacy Timing Analyzer                              ;
; Revision Name         ; Final                                               ;
; Device Family         ; MAX 10                                              ;
; Device Name           ; 10M50DAF484C7G                                      ;
; Timing Models         ; Final                                               ;
; Delay Model           ; Combined                                            ;
; Rise/Fall Delays      ; Enabled                                             ;
+-----------------------+-----------------------------------------------------+


+------------------------------------------+
; Parallel Compilation                     ;
+----------------------------+-------------+
; Processors                 ; Number      ;
+----------------------------+-------------+
; Number detected on machine ; 20          ;
; Maximum allowed            ; 14          ;
;                            ;             ;
; Average used               ; 6.04        ;
; Maximum used               ; 14          ;
;                            ;             ;
; Usage by Processor         ; % Time Used ;
;     Processor 1            ; 100.0%      ;
;     Processor 2            ;  48.0%      ;
;     Processor 3            ;  42.0%      ;
;     Processor 4            ;  37.8%      ;
;     Processors 5-14        ;  37.6%      ;
+----------------------------+-------------+


+---------------------------------------------------+
; SDC File List                                     ;
+---------------+--------+--------------------------+
; SDC File Path ; Status ; Read at                  ;
+---------------+--------+--------------------------+
; Final.sdc     ; OK     ; Tue Feb 13 11:27:46 2024 ;
+---------------+--------+--------------------------+


+--------------------------------------------------------------------------------------------------------------------------------------------------------------------------------------------------------------------------------------------------------------------------------------------------------------------------------------------+
; Clocks                                                                                                                                                                                                                                                                                                                                     ;
+-------------------------------------------------------+-----------+---------+-----------+-------+--------+------------+-----------+-------------+-------+--------+-----------+------------+----------+---------------+---------------------------------------------------------+-----------------------------------------------------------+
; Clock Name                                            ; Type      ; Period  ; Frequency ; Rise  ; Fall   ; Duty Cycle ; Divide by ; Multiply by ; Phase ; Offset ; Edge List ; Edge Shift ; Inverted ; Master        ; Source                                                  ; Targets                                                   ;
+-------------------------------------------------------+-----------+---------+-----------+-------+--------+------------+-----------+-------------+-------+--------+-----------+------------+----------+---------------+---------------------------------------------------------+-----------------------------------------------------------+
; altera_reserved_tck                                   ; Base      ; 100.000 ; 10.0 MHz  ; 0.000 ; 50.000 ;            ;           ;             ;       ;        ;           ;            ;          ;               ;                                                         ; { altera_reserved_tck }                                   ;
; MAX10_CLK1_50                                         ; Base      ; 20.000  ; 50.0 MHz  ; 0.000 ; 10.000 ;            ;           ;             ;       ;        ;           ;            ;          ;               ;                                                         ; { MAX10_CLK1_50 }                                         ;
; pll1_inst|altpll_component|auto_generated|pll1|clk[0] ; Generated ; 16.129  ; 62.0 MHz  ; 0.000 ; 8.064  ; 50.00      ; 25        ; 31          ;       ;        ;           ;            ; false    ; MAX10_CLK1_50 ; pll1_inst|altpll_component|auto_generated|pll1|inclk[0] ; { pll1_inst|altpll_component|auto_generated|pll1|clk[0] } ;
+-------------------------------------------------------+-----------+---------+-----------+-------+--------+------------+-----------+-------------+-------+--------+-----------+------------+----------+---------------+---------------------------------------------------------+-----------------------------------------------------------+


+--------------------------------------------------------------------------------------------+
; Slow 1200mV 85C Model Fmax Summary                                                         ;
+-----------+-----------------+-------------------------------------------------------+------+
; Fmax      ; Restricted Fmax ; Clock Name                                            ; Note ;
+-----------+-----------------+-------------------------------------------------------+------+
; 42.76 MHz ; 42.76 MHz       ; altera_reserved_tck                                   ;      ;
; 61.98 MHz ; 61.98 MHz       ; pll1_inst|altpll_component|auto_generated|pll1|clk[0] ;      ;
+-----------+-----------------+-------------------------------------------------------+------+
This panel reports FMAX for every clock in the design, regardless of the user-specified clock periods.  FMAX is only computed for paths where the source and destination registers or ports are driven by the same clock.  Paths of different clocks, including generated clocks, are ignored.  For paths between a clock and its inversion, FMAX is computed as if the rising and falling edges are scaled along with FMAX, such that the duty cycle (in terms of a percentage) is maintained. Altera recommends that you always use clock constraints and other slack reports for sign-off analysis.


+--------------------------------------------------------------------------------+
; Slow 1200mV 85C Model Setup Summary                                            ;
+-------------------------------------------------------+--------+---------------+
; Clock                                                 ; Slack  ; End Point TNS ;
+-------------------------------------------------------+--------+---------------+
; pll1_inst|altpll_component|auto_generated|pll1|clk[0] ; -0.006 ; -0.006        ;
; altera_reserved_tck                                   ; 38.306 ; 0.000         ;
+-------------------------------------------------------+--------+---------------+


+-------------------------------------------------------------------------------+
; Slow 1200mV 85C Model Hold Summary                                            ;
+-------------------------------------------------------+-------+---------------+
; Clock                                                 ; Slack ; End Point TNS ;
+-------------------------------------------------------+-------+---------------+
; pll1_inst|altpll_component|auto_generated|pll1|clk[0] ; 0.237 ; 0.000         ;
; altera_reserved_tck                                   ; 0.278 ; 0.000         ;
+-------------------------------------------------------+-------+---------------+


+--------------------------------------------------------------------------------+
; Slow 1200mV 85C Model Recovery Summary                                         ;
+-------------------------------------------------------+--------+---------------+
; Clock                                                 ; Slack  ; End Point TNS ;
+-------------------------------------------------------+--------+---------------+
; pll1_inst|altpll_component|auto_generated|pll1|clk[0] ; 3.472  ; 0.000         ;
; altera_reserved_tck                                   ; 93.987 ; 0.000         ;
+-------------------------------------------------------+--------+---------------+


+-------------------------------------------------------------------------------+
; Slow 1200mV 85C Model Removal Summary                                         ;
+-------------------------------------------------------+-------+---------------+
; Clock                                                 ; Slack ; End Point TNS ;
+-------------------------------------------------------+-------+---------------+
; altera_reserved_tck                                   ; 1.134 ; 0.000         ;
; pll1_inst|altpll_component|auto_generated|pll1|clk[0] ; 5.354 ; 0.000         ;
+-------------------------------------------------------+-------+---------------+


+--------------------------------------------------------------------------------+
; Slow 1200mV 85C Model Minimum Pulse Width Summary                              ;
+-------------------------------------------------------+--------+---------------+
; Clock                                                 ; Slack  ; End Point TNS ;
+-------------------------------------------------------+--------+---------------+
; pll1_inst|altpll_component|auto_generated|pll1|clk[0] ; 7.730  ; 0.000         ;
; MAX10_CLK1_50                                         ; 9.873  ; 0.000         ;
; altera_reserved_tck                                   ; 49.526 ; 0.000         ;
+-------------------------------------------------------+--------+---------------+


-----------------------------------------------
; Slow 1200mV 85C Model Metastability Summary ;
-----------------------------------------------
The design MTBF is not calculated because there are no specified synchronizers in the design.
Number of Synchronizer Chains Found: 2
Shortest Synchronizer Chain: 4 Registers
Fraction of Chains for which MTBFs Could Not be Calculated: 1.000
Worst Case Available Settling Time: 341.245 ns




+--------------------------------------------------------------------------------------------+
; Slow 1200mV 0C Model Fmax Summary                                                          ;
+-----------+-----------------+-------------------------------------------------------+------+
; Fmax      ; Restricted Fmax ; Clock Name                                            ; Note ;
+-----------+-----------------+-------------------------------------------------------+------+
; 45.82 MHz ; 45.82 MHz       ; altera_reserved_tck                                   ;      ;
; 66.85 MHz ; 66.85 MHz       ; pll1_inst|altpll_component|auto_generated|pll1|clk[0] ;      ;
+-----------+-----------------+-------------------------------------------------------+------+
This panel reports FMAX for every clock in the design, regardless of the user-specified clock periods.  FMAX is only computed for paths where the source and destination registers or ports are driven by the same clock.  Paths of different clocks, including generated clocks, are ignored.  For paths between a clock and its inversion, FMAX is computed as if the rising and falling edges are scaled along with FMAX, such that the duty cycle (in terms of a percentage) is maintained. Altera recommends that you always use clock constraints and other slack reports for sign-off analysis.


+--------------------------------------------------------------------------------+
; Slow 1200mV 0C Model Setup Summary                                             ;
+-------------------------------------------------------+--------+---------------+
; Clock                                                 ; Slack  ; End Point TNS ;
+-------------------------------------------------------+--------+---------------+
; pll1_inst|altpll_component|auto_generated|pll1|clk[0] ; 1.170  ; 0.000         ;
; altera_reserved_tck                                   ; 39.088 ; 0.000         ;
+-------------------------------------------------------+--------+---------------+


+-------------------------------------------------------------------------------+
; Slow 1200mV 0C Model Hold Summary                                             ;
+-------------------------------------------------------+-------+---------------+
; Clock                                                 ; Slack ; End Point TNS ;
+-------------------------------------------------------+-------+---------------+
; pll1_inst|altpll_component|auto_generated|pll1|clk[0] ; 0.192 ; 0.000         ;
; altera_reserved_tck                                   ; 0.273 ; 0.000         ;
+-------------------------------------------------------+-------+---------------+


+--------------------------------------------------------------------------------+
; Slow 1200mV 0C Model Recovery Summary                                          ;
+-------------------------------------------------------+--------+---------------+
; Clock                                                 ; Slack  ; End Point TNS ;
+-------------------------------------------------------+--------+---------------+
; pll1_inst|altpll_component|auto_generated|pll1|clk[0] ; 4.449  ; 0.000         ;
; altera_reserved_tck                                   ; 94.354 ; 0.000         ;
+-------------------------------------------------------+--------+---------------+


+-------------------------------------------------------------------------------+
; Slow 1200mV 0C Model Removal Summary                                          ;
+-------------------------------------------------------+-------+---------------+
; Clock                                                 ; Slack ; End Point TNS ;
+-------------------------------------------------------+-------+---------------+
; altera_reserved_tck                                   ; 1.033 ; 0.000         ;
; pll1_inst|altpll_component|auto_generated|pll1|clk[0] ; 4.886 ; 0.000         ;
+-------------------------------------------------------+-------+---------------+


+--------------------------------------------------------------------------------+
; Slow 1200mV 0C Model Minimum Pulse Width Summary                               ;
+-------------------------------------------------------+--------+---------------+
; Clock                                                 ; Slack  ; End Point TNS ;
+-------------------------------------------------------+--------+---------------+
; pll1_inst|altpll_component|auto_generated|pll1|clk[0] ; 7.750  ; 0.000         ;
; MAX10_CLK1_50                                         ; 9.894  ; 0.000         ;
; altera_reserved_tck                                   ; 49.542 ; 0.000         ;
+-------------------------------------------------------+--------+---------------+


----------------------------------------------
; Slow 1200mV 0C Model Metastability Summary ;
----------------------------------------------
The design MTBF is not calculated because there are no specified synchronizers in the design.
Number of Synchronizer Chains Found: 2
Shortest Synchronizer Chain: 4 Registers
Fraction of Chains for which MTBFs Could Not be Calculated: 1.000
Worst Case Available Settling Time: 341.966 ns




+--------------------------------------------------------------------------------+
; Fast 1200mV 0C Model Setup Summary                                             ;
+-------------------------------------------------------+--------+---------------+
; Clock                                                 ; Slack  ; End Point TNS ;
+-------------------------------------------------------+--------+---------------+
; pll1_inst|altpll_component|auto_generated|pll1|clk[0] ; 8.859  ; 0.000         ;
; altera_reserved_tck                                   ; 44.658 ; 0.000         ;
+-------------------------------------------------------+--------+---------------+


+-------------------------------------------------------------------------------+
; Fast 1200mV 0C Model Hold Summary                                             ;
+-------------------------------------------------------+-------+---------------+
; Clock                                                 ; Slack ; End Point TNS ;
+-------------------------------------------------------+-------+---------------+
; altera_reserved_tck                                   ; 0.105 ; 0.000         ;
; pll1_inst|altpll_component|auto_generated|pll1|clk[0] ; 0.111 ; 0.000         ;
+-------------------------------------------------------+-------+---------------+


+--------------------------------------------------------------------------------+
; Fast 1200mV 0C Model Recovery Summary                                          ;
+-------------------------------------------------------+--------+---------------+
; Clock                                                 ; Slack  ; End Point TNS ;
+-------------------------------------------------------+--------+---------------+
; pll1_inst|altpll_component|auto_generated|pll1|clk[0] ; 10.205 ; 0.000         ;
; altera_reserved_tck                                   ; 96.963 ; 0.000         ;
+-------------------------------------------------------+--------+---------------+


+-------------------------------------------------------------------------------+
; Fast 1200mV 0C Model Removal Summary                                          ;
+-------------------------------------------------------+-------+---------------+
; Clock                                                 ; Slack ; End Point TNS ;
+-------------------------------------------------------+-------+---------------+
; altera_reserved_tck                                   ; 0.482 ; 0.000         ;
; pll1_inst|altpll_component|auto_generated|pll1|clk[0] ; 2.413 ; 0.000         ;
+-------------------------------------------------------+-------+---------------+


+--------------------------------------------------------------------------------+
; Fast 1200mV 0C Model Minimum Pulse Width Summary                               ;
+-------------------------------------------------------+--------+---------------+
; Clock                                                 ; Slack  ; End Point TNS ;
+-------------------------------------------------------+--------+---------------+
; pll1_inst|altpll_component|auto_generated|pll1|clk[0] ; 7.777  ; 0.000         ;
; MAX10_CLK1_50                                         ; 9.666  ; 0.000         ;
; altera_reserved_tck                                   ; 49.389 ; 0.000         ;
+-------------------------------------------------------+--------+---------------+


----------------------------------------------
; Fast 1200mV 0C Model Metastability Summary ;
----------------------------------------------
The design MTBF is not calculated because there are no specified synchronizers in the design.
Number of Synchronizer Chains Found: 2
Shortest Synchronizer Chain: 4 Registers
Fraction of Chains for which MTBFs Could Not be Calculated: 1.000
Worst Case Available Settling Time: 346.492 ns




+--------------------------------------------------------------------------------------------------------------------+
; Multicorner Timing Analysis Summary                                                                                ;
+--------------------------------------------------------+--------+-------+----------+---------+---------------------+
; Clock                                                  ; Setup  ; Hold  ; Recovery ; Removal ; Minimum Pulse Width ;
+--------------------------------------------------------+--------+-------+----------+---------+---------------------+
; Worst-case Slack                                       ; -0.006 ; 0.105 ; 3.472    ; 0.482   ; 7.730               ;
;  MAX10_CLK1_50                                         ; N/A    ; N/A   ; N/A      ; N/A     ; 9.666               ;
;  altera_reserved_tck                                   ; 38.306 ; 0.105 ; 93.987   ; 0.482   ; 49.389              ;
;  pll1_inst|altpll_component|auto_generated|pll1|clk[0] ; -0.006 ; 0.111 ; 3.472    ; 2.413   ; 7.730               ;
; Design-wide TNS                                        ; -0.006 ; 0.0   ; 0.0      ; 0.0     ; 0.0                 ;
;  MAX10_CLK1_50                                         ; N/A    ; N/A   ; N/A      ; N/A     ; 0.000               ;
;  altera_reserved_tck                                   ; 0.000  ; 0.000 ; 0.000    ; 0.000   ; 0.000               ;
;  pll1_inst|altpll_component|auto_generated|pll1|clk[0] ; -0.006 ; 0.000 ; 0.000    ; 0.000   ; 0.000               ;
+--------------------------------------------------------+--------+-------+----------+---------+---------------------+


+------------------------------------------------------------------------------------------------------------------------------------------------------------------------------------------------------------------------------------------------------------------------------------------------------------------------------------------------------------------------------------------------------------------------+
; Board Trace Model Assignments                                                                                                                                                                                                                                                                                                                                                                                          ;
+---------------------+--------------+-------------------+-------------------------+-------------------------+---------------+---------------------+----------------+------------------+--------+------------------+------------------------+------------------------+--------------+---------------+-----------------+-------+---------------------+--------------------+---------------+-----------------+-------------+
; Pin                 ; I/O Standard ; Near Tline Length ; Near Tline L per Length ; Near Tline C per Length ; Near Series R ; Near Differential R ; Near Pull-up R ; Near Pull-down R ; Near C ; Far Tline Length ; Far Tline L per Length ; Far Tline C per Length ; Far Series R ; Far Pull-up R ; Far Pull-down R ; Far C ; Termination Voltage ; Far Differential R ; EBD File Name ; EBD Signal Name ; EBD Far-end ;
+---------------------+--------------+-------------------+-------------------------+-------------------------+---------------+---------------------+----------------+------------------+--------+------------------+------------------------+------------------------+--------------+---------------+-----------------+-------+---------------------+--------------------+---------------+-----------------+-------------+
; PC[0]               ; 2.5 V        ; 0 in              ; 0 H/in                  ; 0 F/in                  ; short         ; -                   ; open           ; open             ; open   ; 0 in             ; 0 H/in                 ; 0 F/in                 ; short        ; open          ; open            ; open  ; 0 V                 ; -                  ; n/a           ; n/a             ; n/a         ;
; PC[1]               ; 2.5 V        ; 0 in              ; 0 H/in                  ; 0 F/in                  ; short         ; -                   ; open           ; open             ; open   ; 0 in             ; 0 H/in                 ; 0 F/in                 ; short        ; open          ; open            ; open  ; 0 V                 ; -                  ; n/a           ; n/a             ; n/a         ;
; PC[2]               ; 2.5 V        ; 0 in              ; 0 H/in                  ; 0 F/in                  ; short         ; -                   ; open           ; open             ; open   ; 0 in             ; 0 H/in                 ; 0 F/in                 ; short        ; open          ; open            ; open  ; 0 V                 ; -                  ; n/a           ; n/a             ; n/a         ;
; PC[3]               ; 2.5 V        ; 0 in              ; 0 H/in                  ; 0 F/in                  ; short         ; -                   ; open           ; open             ; open   ; 0 in             ; 0 H/in                 ; 0 F/in                 ; short        ; open          ; open            ; open  ; 0 V                 ; -                  ; n/a           ; n/a             ; n/a         ;
; PC[4]               ; 2.5 V        ; 0 in              ; 0 H/in                  ; 0 F/in                  ; short         ; -                   ; open           ; open             ; open   ; 0 in             ; 0 H/in                 ; 0 F/in                 ; short        ; open          ; open            ; open  ; 0 V                 ; -                  ; n/a           ; n/a             ; n/a         ;
; PC[5]               ; 2.5 V        ; 0 in              ; 0 H/in                  ; 0 F/in                  ; short         ; -                   ; open           ; open             ; open   ; 0 in             ; 0 H/in                 ; 0 F/in                 ; short        ; open          ; open            ; open  ; 0 V                 ; -                  ; n/a           ; n/a             ; n/a         ;
; PC[6]               ; 2.5 V        ; 0 in              ; 0 H/in                  ; 0 F/in                  ; short         ; -                   ; open           ; open             ; open   ; 0 in             ; 0 H/in                 ; 0 F/in                 ; short        ; open          ; open            ; open  ; 0 V                 ; -                  ; n/a           ; n/a             ; n/a         ;
; PC[7]               ; 2.5 V        ; 0 in              ; 0 H/in                  ; 0 F/in                  ; short         ; -                   ; open           ; open             ; open   ; 0 in             ; 0 H/in                 ; 0 F/in                 ; short        ; open          ; open            ; open  ; 0 V                 ; -                  ; n/a           ; n/a             ; n/a         ;
; altera_reserved_tdo ; 2.5 V        ; 0 in              ; 0 H/in                  ; 0 F/in                  ; short         ; -                   ; open           ; open             ; open   ; 0 in             ; 0 H/in                 ; 0 F/in                 ; short        ; open          ; open            ; open  ; 0 V                 ; -                  ; n/a           ; n/a             ; n/a         ;
+---------------------+--------------+-------------------+-------------------------+-------------------------+---------------+---------------------+----------------+------------------+--------+------------------+------------------------+------------------------+--------------+---------------+-----------------+-------+---------------------+--------------------+---------------+-----------------+-------------+


+---------------------------------------------------------------------------------+
; Input Transition Times                                                          ;
+---------------------+-----------------------+-----------------+-----------------+
; Pin                 ; I/O Standard          ; 10-90 Rise Time ; 90-10 Fall Time ;
+---------------------+-----------------------+-----------------+-----------------+
; rst                 ; 2.5 V                 ; 2000 ps         ; 2000 ps         ;
; MAX10_CLK1_50       ; 2.5 V                 ; 2000 ps         ; 2000 ps         ;
; altera_reserved_tms ; 2.5 V Schmitt Trigger ; 2000 ps         ; 2000 ps         ;
; altera_reserved_tck ; 2.5 V Schmitt Trigger ; 2000 ps         ; 2000 ps         ;
; altera_reserved_tdi ; 2.5 V Schmitt Trigger ; 2000 ps         ; 2000 ps         ;
; ~ALTERA_CONFIG_SEL~ ; 2.5 V                 ; 2000 ps         ; 2000 ps         ;
; ~ALTERA_nCONFIG~    ; 2.5 V Schmitt Trigger ; 2000 ps         ; 2000 ps         ;
; ~ALTERA_nSTATUS~    ; 2.5 V Schmitt Trigger ; 2000 ps         ; 2000 ps         ;
; ~ALTERA_CONF_DONE~  ; 2.5 V Schmitt Trigger ; 2000 ps         ; 2000 ps         ;
+---------------------+-----------------------+-----------------+-----------------+


+--------------------------------------------------------------------------------------------------------------------------------------------------------------------------------------------------------------------------------------------------------------------------------------------------------------------------------------------------------------------------------------------------------------------------------------------------------------------------------------------------------------------------------------------------------------------------------------------------------------------------------------------------------------------------------------------------+
; Signal Integrity Metrics (Slow 1200mv 0c Model)                                                                                                                                                                                                                                                                                                                                                                                                                                                                                                                                                                                                                                                  ;
+---------------------+--------------+---------------------+---------------------+------------------------------+------------------------------+---------------------+---------------------+--------------------------------------+--------------------------------------+-----------------------------+-----------------------------+----------------------------+----------------------------+-----------------------------+-----------------------------+--------------------+--------------------+-------------------------------------+-------------------------------------+----------------------------+----------------------------+---------------------------+---------------------------+
; Pin                 ; I/O Standard ; Board Delay on Rise ; Board Delay on Fall ; Steady State Voh at FPGA Pin ; Steady State Vol at FPGA Pin ; Voh Max at FPGA Pin ; Vol Min at FPGA Pin ; Ringback Voltage on Rise at FPGA Pin ; Ringback Voltage on Fall at FPGA Pin ; 10-90 Rise Time at FPGA Pin ; 90-10 Fall Time at FPGA Pin ; Monotonic Rise at FPGA Pin ; Monotonic Fall at FPGA Pin ; Steady State Voh at Far-end ; Steady State Vol at Far-end ; Voh Max at Far-end ; Vol Min at Far-end ; Ringback Voltage on Rise at Far-end ; Ringback Voltage on Fall at Far-end ; 10-90 Rise Time at Far-end ; 90-10 Fall Time at Far-end ; Monotonic Rise at Far-end ; Monotonic Fall at Far-end ;
+---------------------+--------------+---------------------+---------------------+------------------------------+------------------------------+---------------------+---------------------+--------------------------------------+--------------------------------------+-----------------------------+-----------------------------+----------------------------+----------------------------+-----------------------------+-----------------------------+--------------------+--------------------+-------------------------------------+-------------------------------------+----------------------------+----------------------------+---------------------------+---------------------------+
; PC[0]               ; 2.5 V        ; 0 s                 ; 0 s                 ; 2.32 V                       ; 8.25e-09 V                   ; 2.41 V              ; -0.0859 V           ; 0.289 V                              ; 0.136 V                              ; 3.15e-10 s                  ; 4.16e-10 s                  ; No                         ; Yes                        ; 2.32 V                      ; 8.25e-09 V                  ; 2.41 V             ; -0.0859 V          ; 0.289 V                             ; 0.136 V                             ; 3.15e-10 s                 ; 4.16e-10 s                 ; No                        ; Yes                       ;
; PC[1]               ; 2.5 V        ; 0 s                 ; 0 s                 ; 2.32 V                       ; 8.25e-09 V                   ; 2.41 V              ; -0.0871 V           ; 0.291 V                              ; 0.138 V                              ; 3.15e-10 s                  ; 4.16e-10 s                  ; No                         ; Yes                        ; 2.32 V                      ; 8.25e-09 V                  ; 2.41 V             ; -0.0871 V          ; 0.291 V                             ; 0.138 V                             ; 3.15e-10 s                 ; 4.16e-10 s                 ; No                        ; Yes                       ;
; PC[2]               ; 2.5 V        ; 0 s                 ; 0 s                 ; 2.32 V                       ; 8.25e-09 V                   ; 2.41 V              ; -0.0871 V           ; 0.291 V                              ; 0.138 V                              ; 3.15e-10 s                  ; 4.16e-10 s                  ; No                         ; Yes                        ; 2.32 V                      ; 8.25e-09 V                  ; 2.41 V             ; -0.0871 V          ; 0.291 V                             ; 0.138 V                             ; 3.15e-10 s                 ; 4.16e-10 s                 ; No                        ; Yes                       ;
; PC[3]               ; 2.5 V        ; 0 s                 ; 0 s                 ; 2.32 V                       ; 8.25e-09 V                   ; 2.41 V              ; -0.0859 V           ; 0.289 V                              ; 0.136 V                              ; 3.15e-10 s                  ; 4.16e-10 s                  ; No                         ; Yes                        ; 2.32 V                      ; 8.25e-09 V                  ; 2.41 V             ; -0.0859 V          ; 0.289 V                             ; 0.136 V                             ; 3.15e-10 s                 ; 4.16e-10 s                 ; No                        ; Yes                       ;
; PC[4]               ; 2.5 V        ; 0 s                 ; 0 s                 ; 2.32 V                       ; 8.25e-09 V                   ; 2.41 V              ; -0.0859 V           ; 0.289 V                              ; 0.136 V                              ; 3.15e-10 s                  ; 4.16e-10 s                  ; No                         ; Yes                        ; 2.32 V                      ; 8.25e-09 V                  ; 2.41 V             ; -0.0859 V          ; 0.289 V                             ; 0.136 V                             ; 3.15e-10 s                 ; 4.16e-10 s                 ; No                        ; Yes                       ;
; PC[5]               ; 2.5 V        ; 0 s                 ; 0 s                 ; 2.32 V                       ; 8.25e-09 V                   ; 2.41 V              ; -0.0871 V           ; 0.291 V                              ; 0.138 V                              ; 3.15e-10 s                  ; 4.16e-10 s                  ; No                         ; Yes                        ; 2.32 V                      ; 8.25e-09 V                  ; 2.41 V             ; -0.0871 V          ; 0.291 V                             ; 0.138 V                             ; 3.15e-10 s                 ; 4.16e-10 s                 ; No                        ; Yes                       ;
; PC[6]               ; 2.5 V        ; 0 s                 ; 0 s                 ; 2.32 V                       ; 8.25e-09 V                   ; 2.41 V              ; -0.0859 V           ; 0.289 V                              ; 0.136 V                              ; 3.15e-10 s                  ; 4.16e-10 s                  ; No                         ; Yes                        ; 2.32 V                      ; 8.25e-09 V                  ; 2.41 V             ; -0.0859 V          ; 0.289 V                             ; 0.136 V                             ; 3.15e-10 s                 ; 4.16e-10 s                 ; No                        ; Yes                       ;
; PC[7]               ; 2.5 V        ; 0 s                 ; 0 s                 ; 2.32 V                       ; 8.25e-09 V                   ; 2.41 V              ; -0.0871 V           ; 0.291 V                              ; 0.138 V                              ; 3.15e-10 s                  ; 4.16e-10 s                  ; No                         ; Yes                        ; 2.32 V                      ; 8.25e-09 V                  ; 2.41 V             ; -0.0871 V          ; 0.291 V                             ; 0.138 V                             ; 3.15e-10 s                 ; 4.16e-10 s                 ; No                        ; Yes                       ;
; altera_reserved_tdo ; 2.5 V        ; 0 s                 ; 0 s                 ; 2.32 V                       ; 1.39e-08 V                   ; 2.39 V              ; -0.0409 V           ; 0.21 V                               ; 0.121 V                              ; 4.7e-10 s                   ; 5.93e-10 s                  ; No                         ; Yes                        ; 2.32 V                      ; 1.39e-08 V                  ; 2.39 V             ; -0.0409 V          ; 0.21 V                              ; 0.121 V                             ; 4.7e-10 s                  ; 5.93e-10 s                 ; No                        ; Yes                       ;
+---------------------+--------------+---------------------+---------------------+------------------------------+------------------------------+---------------------+---------------------+--------------------------------------+--------------------------------------+-----------------------------+-----------------------------+----------------------------+----------------------------+-----------------------------+-----------------------------+--------------------+--------------------+-------------------------------------+-------------------------------------+----------------------------+----------------------------+---------------------------+---------------------------+


+--------------------------------------------------------------------------------------------------------------------------------------------------------------------------------------------------------------------------------------------------------------------------------------------------------------------------------------------------------------------------------------------------------------------------------------------------------------------------------------------------------------------------------------------------------------------------------------------------------------------------------------------------------------------------------------------------+
; Signal Integrity Metrics (Slow 1200mv 85c Model)                                                                                                                                                                                                                                                                                                                                                                                                                                                                                                                                                                                                                                                 ;
+---------------------+--------------+---------------------+---------------------+------------------------------+------------------------------+---------------------+---------------------+--------------------------------------+--------------------------------------+-----------------------------+-----------------------------+----------------------------+----------------------------+-----------------------------+-----------------------------+--------------------+--------------------+-------------------------------------+-------------------------------------+----------------------------+----------------------------+---------------------------+---------------------------+
; Pin                 ; I/O Standard ; Board Delay on Rise ; Board Delay on Fall ; Steady State Voh at FPGA Pin ; Steady State Vol at FPGA Pin ; Voh Max at FPGA Pin ; Vol Min at FPGA Pin ; Ringback Voltage on Rise at FPGA Pin ; Ringback Voltage on Fall at FPGA Pin ; 10-90 Rise Time at FPGA Pin ; 90-10 Fall Time at FPGA Pin ; Monotonic Rise at FPGA Pin ; Monotonic Fall at FPGA Pin ; Steady State Voh at Far-end ; Steady State Vol at Far-end ; Voh Max at Far-end ; Vol Min at Far-end ; Ringback Voltage on Rise at Far-end ; Ringback Voltage on Fall at Far-end ; 10-90 Rise Time at Far-end ; 90-10 Fall Time at Far-end ; Monotonic Rise at Far-end ; Monotonic Fall at Far-end ;
+---------------------+--------------+---------------------+---------------------+------------------------------+------------------------------+---------------------+---------------------+--------------------------------------+--------------------------------------+-----------------------------+-----------------------------+----------------------------+----------------------------+-----------------------------+-----------------------------+--------------------+--------------------+-------------------------------------+-------------------------------------+----------------------------+----------------------------+---------------------------+---------------------------+
; PC[0]               ; 2.5 V        ; 0 s                 ; 0 s                 ; 2.32 V                       ; 1.16e-06 V                   ; 2.37 V              ; -0.049 V            ; 0.154 V                              ; 0.186 V                              ; 4.63e-10 s                  ; 4.5e-10 s                   ; Yes                        ; Yes                        ; 2.32 V                      ; 1.16e-06 V                  ; 2.37 V             ; -0.049 V           ; 0.154 V                             ; 0.186 V                             ; 4.63e-10 s                 ; 4.5e-10 s                  ; Yes                       ; Yes                       ;
; PC[1]               ; 2.5 V        ; 0 s                 ; 0 s                 ; 2.32 V                       ; 1.16e-06 V                   ; 2.37 V              ; -0.0508 V           ; 0.153 V                              ; 0.187 V                              ; 4.63e-10 s                  ; 4.49e-10 s                  ; Yes                        ; Yes                        ; 2.32 V                      ; 1.16e-06 V                  ; 2.37 V             ; -0.0508 V          ; 0.153 V                             ; 0.187 V                             ; 4.63e-10 s                 ; 4.49e-10 s                 ; Yes                       ; Yes                       ;
; PC[2]               ; 2.5 V        ; 0 s                 ; 0 s                 ; 2.32 V                       ; 1.16e-06 V                   ; 2.37 V              ; -0.0508 V           ; 0.153 V                              ; 0.187 V                              ; 4.63e-10 s                  ; 4.49e-10 s                  ; Yes                        ; Yes                        ; 2.32 V                      ; 1.16e-06 V                  ; 2.37 V             ; -0.0508 V          ; 0.153 V                             ; 0.187 V                             ; 4.63e-10 s                 ; 4.49e-10 s                 ; Yes                       ; Yes                       ;
; PC[3]               ; 2.5 V        ; 0 s                 ; 0 s                 ; 2.32 V                       ; 1.16e-06 V                   ; 2.37 V              ; -0.049 V            ; 0.154 V                              ; 0.186 V                              ; 4.63e-10 s                  ; 4.5e-10 s                   ; Yes                        ; Yes                        ; 2.32 V                      ; 1.16e-06 V                  ; 2.37 V             ; -0.049 V           ; 0.154 V                             ; 0.186 V                             ; 4.63e-10 s                 ; 4.5e-10 s                  ; Yes                       ; Yes                       ;
; PC[4]               ; 2.5 V        ; 0 s                 ; 0 s                 ; 2.32 V                       ; 1.16e-06 V                   ; 2.37 V              ; -0.049 V            ; 0.154 V                              ; 0.186 V                              ; 4.63e-10 s                  ; 4.5e-10 s                   ; Yes                        ; Yes                        ; 2.32 V                      ; 1.16e-06 V                  ; 2.37 V             ; -0.049 V           ; 0.154 V                             ; 0.186 V                             ; 4.63e-10 s                 ; 4.5e-10 s                  ; Yes                       ; Yes                       ;
; PC[5]               ; 2.5 V        ; 0 s                 ; 0 s                 ; 2.32 V                       ; 1.16e-06 V                   ; 2.37 V              ; -0.0508 V           ; 0.153 V                              ; 0.187 V                              ; 4.63e-10 s                  ; 4.49e-10 s                  ; Yes                        ; Yes                        ; 2.32 V                      ; 1.16e-06 V                  ; 2.37 V             ; -0.0508 V          ; 0.153 V                             ; 0.187 V                             ; 4.63e-10 s                 ; 4.49e-10 s                 ; Yes                       ; Yes                       ;
; PC[6]               ; 2.5 V        ; 0 s                 ; 0 s                 ; 2.32 V                       ; 1.16e-06 V                   ; 2.37 V              ; -0.049 V            ; 0.154 V                              ; 0.186 V                              ; 4.63e-10 s                  ; 4.5e-10 s                   ; Yes                        ; Yes                        ; 2.32 V                      ; 1.16e-06 V                  ; 2.37 V             ; -0.049 V           ; 0.154 V                             ; 0.186 V                             ; 4.63e-10 s                 ; 4.5e-10 s                  ; Yes                       ; Yes                       ;
; PC[7]               ; 2.5 V        ; 0 s                 ; 0 s                 ; 2.32 V                       ; 1.16e-06 V                   ; 2.37 V              ; -0.0508 V           ; 0.153 V                              ; 0.187 V                              ; 4.63e-10 s                  ; 4.49e-10 s                  ; Yes                        ; Yes                        ; 2.32 V                      ; 1.16e-06 V                  ; 2.37 V             ; -0.0508 V          ; 0.153 V                             ; 0.187 V                             ; 4.63e-10 s                 ; 4.49e-10 s                 ; Yes                       ; Yes                       ;
; altera_reserved_tdo ; 2.5 V        ; 0 s                 ; 0 s                 ; 2.32 V                       ; 1.97e-06 V                   ; 2.36 V              ; -0.0173 V           ; 0.144 V                              ; 0.094 V                              ; 6.44e-10 s                  ; 7.2e-10 s                   ; No                         ; Yes                        ; 2.32 V                      ; 1.97e-06 V                  ; 2.36 V             ; -0.0173 V          ; 0.144 V                             ; 0.094 V                             ; 6.44e-10 s                 ; 7.2e-10 s                  ; No                        ; Yes                       ;
+---------------------+--------------+---------------------+---------------------+------------------------------+------------------------------+---------------------+---------------------+--------------------------------------+--------------------------------------+-----------------------------+-----------------------------+----------------------------+----------------------------+-----------------------------+-----------------------------+--------------------+--------------------+-------------------------------------+-------------------------------------+----------------------------+----------------------------+---------------------------+---------------------------+


+--------------------------------------------------------------------------------------------------------------------------------------------------------------------------------------------------------------------------------------------------------------------------------------------------------------------------------------------------------------------------------------------------------------------------------------------------------------------------------------------------------------------------------------------------------------------------------------------------------------------------------------------------------------------------------------------------+
; Signal Integrity Metrics (Fast 1200mv 0c Model)                                                                                                                                                                                                                                                                                                                                                                                                                                                                                                                                                                                                                                                  ;
+---------------------+--------------+---------------------+---------------------+------------------------------+------------------------------+---------------------+---------------------+--------------------------------------+--------------------------------------+-----------------------------+-----------------------------+----------------------------+----------------------------+-----------------------------+-----------------------------+--------------------+--------------------+-------------------------------------+-------------------------------------+----------------------------+----------------------------+---------------------------+---------------------------+
; Pin                 ; I/O Standard ; Board Delay on Rise ; Board Delay on Fall ; Steady State Voh at FPGA Pin ; Steady State Vol at FPGA Pin ; Voh Max at FPGA Pin ; Vol Min at FPGA Pin ; Ringback Voltage on Rise at FPGA Pin ; Ringback Voltage on Fall at FPGA Pin ; 10-90 Rise Time at FPGA Pin ; 90-10 Fall Time at FPGA Pin ; Monotonic Rise at FPGA Pin ; Monotonic Fall at FPGA Pin ; Steady State Voh at Far-end ; Steady State Vol at Far-end ; Voh Max at Far-end ; Vol Min at Far-end ; Ringback Voltage on Rise at Far-end ; Ringback Voltage on Fall at Far-end ; 10-90 Rise Time at Far-end ; 90-10 Fall Time at Far-end ; Monotonic Rise at Far-end ; Monotonic Fall at Far-end ;
+---------------------+--------------+---------------------+---------------------+------------------------------+------------------------------+---------------------+---------------------+--------------------------------------+--------------------------------------+-----------------------------+-----------------------------+----------------------------+----------------------------+-----------------------------+-----------------------------+--------------------+--------------------+-------------------------------------+-------------------------------------+----------------------------+----------------------------+---------------------------+---------------------------+
; PC[0]               ; 2.5 V        ; 0 s                 ; 0 s                 ; 2.62 V                       ; 9.95e-08 V                   ; 2.78 V              ; -0.0452 V           ; 0.248 V                              ; 0.108 V                              ; 2.67e-10 s                  ; 2.75e-10 s                  ; No                         ; Yes                        ; 2.62 V                      ; 9.95e-08 V                  ; 2.78 V             ; -0.0452 V          ; 0.248 V                             ; 0.108 V                             ; 2.67e-10 s                 ; 2.75e-10 s                 ; No                        ; Yes                       ;
; PC[1]               ; 2.5 V        ; 0 s                 ; 0 s                 ; 2.62 V                       ; 9.94e-08 V                   ; 2.78 V              ; -0.0444 V           ; 0.25 V                               ; 0.107 V                              ; 2.67e-10 s                  ; 2.75e-10 s                  ; No                         ; Yes                        ; 2.62 V                      ; 9.94e-08 V                  ; 2.78 V             ; -0.0444 V          ; 0.25 V                              ; 0.107 V                             ; 2.67e-10 s                 ; 2.75e-10 s                 ; No                        ; Yes                       ;
; PC[2]               ; 2.5 V        ; 0 s                 ; 0 s                 ; 2.62 V                       ; 9.94e-08 V                   ; 2.78 V              ; -0.0444 V           ; 0.25 V                               ; 0.107 V                              ; 2.67e-10 s                  ; 2.75e-10 s                  ; No                         ; Yes                        ; 2.62 V                      ; 9.94e-08 V                  ; 2.78 V             ; -0.0444 V          ; 0.25 V                              ; 0.107 V                             ; 2.67e-10 s                 ; 2.75e-10 s                 ; No                        ; Yes                       ;
; PC[3]               ; 2.5 V        ; 0 s                 ; 0 s                 ; 2.62 V                       ; 9.95e-08 V                   ; 2.78 V              ; -0.0452 V           ; 0.248 V                              ; 0.108 V                              ; 2.67e-10 s                  ; 2.75e-10 s                  ; No                         ; Yes                        ; 2.62 V                      ; 9.95e-08 V                  ; 2.78 V             ; -0.0452 V          ; 0.248 V                             ; 0.108 V                             ; 2.67e-10 s                 ; 2.75e-10 s                 ; No                        ; Yes                       ;
; PC[4]               ; 2.5 V        ; 0 s                 ; 0 s                 ; 2.62 V                       ; 9.95e-08 V                   ; 2.78 V              ; -0.0452 V           ; 0.248 V                              ; 0.108 V                              ; 2.67e-10 s                  ; 2.75e-10 s                  ; No                         ; Yes                        ; 2.62 V                      ; 9.95e-08 V                  ; 2.78 V             ; -0.0452 V          ; 0.248 V                             ; 0.108 V                             ; 2.67e-10 s                 ; 2.75e-10 s                 ; No                        ; Yes                       ;
; PC[5]               ; 2.5 V        ; 0 s                 ; 0 s                 ; 2.62 V                       ; 9.94e-08 V                   ; 2.78 V              ; -0.0444 V           ; 0.25 V                               ; 0.107 V                              ; 2.67e-10 s                  ; 2.75e-10 s                  ; No                         ; Yes                        ; 2.62 V                      ; 9.94e-08 V                  ; 2.78 V             ; -0.0444 V          ; 0.25 V                              ; 0.107 V                             ; 2.67e-10 s                 ; 2.75e-10 s                 ; No                        ; Yes                       ;
; PC[6]               ; 2.5 V        ; 0 s                 ; 0 s                 ; 2.62 V                       ; 9.95e-08 V                   ; 2.78 V              ; -0.0452 V           ; 0.248 V                              ; 0.108 V                              ; 2.67e-10 s                  ; 2.75e-10 s                  ; No                         ; Yes                        ; 2.62 V                      ; 9.95e-08 V                  ; 2.78 V             ; -0.0452 V          ; 0.248 V                             ; 0.108 V                             ; 2.67e-10 s                 ; 2.75e-10 s                 ; No                        ; Yes                       ;
; PC[7]               ; 2.5 V        ; 0 s                 ; 0 s                 ; 2.62 V                       ; 9.94e-08 V                   ; 2.78 V              ; -0.0444 V           ; 0.25 V                               ; 0.107 V                              ; 2.67e-10 s                  ; 2.75e-10 s                  ; No                         ; Yes                        ; 2.62 V                      ; 9.94e-08 V                  ; 2.78 V             ; -0.0444 V          ; 0.25 V                              ; 0.107 V                             ; 2.67e-10 s                 ; 2.75e-10 s                 ; No                        ; Yes                       ;
; altera_reserved_tdo ; 2.5 V        ; 0 s                 ; 0 s                 ; 2.62 V                       ; 1.68e-07 V                   ; 2.73 V              ; -0.0395 V           ; 0.361 V                              ; 0.109 V                              ; 3.1e-10 s                   ; 4.41e-10 s                  ; No                         ; Yes                        ; 2.62 V                      ; 1.68e-07 V                  ; 2.73 V             ; -0.0395 V          ; 0.361 V                             ; 0.109 V                             ; 3.1e-10 s                  ; 4.41e-10 s                 ; No                        ; Yes                       ;
+---------------------+--------------+---------------------+---------------------+------------------------------+------------------------------+---------------------+---------------------+--------------------------------------+--------------------------------------+-----------------------------+-----------------------------+----------------------------+----------------------------+-----------------------------+-----------------------------+--------------------+--------------------+-------------------------------------+-------------------------------------+----------------------------+----------------------------+---------------------------+---------------------------+


+-------------------------------------------------------------------------------------------------------------------------------------------------------------+
; Setup Transfers                                                                                                                                             ;
+-------------------------------------------------------+-------------------------------------------------------+------------+----------+----------+----------+
; From Clock                                            ; To Clock                                              ; RR Paths   ; FR Paths ; RF Paths ; FF Paths ;
+-------------------------------------------------------+-------------------------------------------------------+------------+----------+----------+----------+
; altera_reserved_tck                                   ; altera_reserved_tck                                   ; 10565      ; 0        ; 67       ; 0        ;
; pll1_inst|altpll_component|auto_generated|pll1|clk[0] ; altera_reserved_tck                                   ; false path ; 0        ; 0        ; 0        ;
; altera_reserved_tck                                   ; pll1_inst|altpll_component|auto_generated|pll1|clk[0] ; false path ; 0        ; 0        ; 0        ;
; pll1_inst|altpll_component|auto_generated|pll1|clk[0] ; pll1_inst|altpll_component|auto_generated|pll1|clk[0] ; 58057422   ; 0        ; 0        ; 0        ;
+-------------------------------------------------------+-------------------------------------------------------+------------+----------+----------+----------+
Entries labeled "false path" only account for clock-to-clock false paths and not path-based false paths. As a result, actual path counts may be lower than reported.


+-------------------------------------------------------------------------------------------------------------------------------------------------------------+
; Hold Transfers                                                                                                                                              ;
+-------------------------------------------------------+-------------------------------------------------------+------------+----------+----------+----------+
; From Clock                                            ; To Clock                                              ; RR Paths   ; FR Paths ; RF Paths ; FF Paths ;
+-------------------------------------------------------+-------------------------------------------------------+------------+----------+----------+----------+
; altera_reserved_tck                                   ; altera_reserved_tck                                   ; 10565      ; 0        ; 67       ; 0        ;
; pll1_inst|altpll_component|auto_generated|pll1|clk[0] ; altera_reserved_tck                                   ; false path ; 0        ; 0        ; 0        ;
; altera_reserved_tck                                   ; pll1_inst|altpll_component|auto_generated|pll1|clk[0] ; false path ; 0        ; 0        ; 0        ;
; pll1_inst|altpll_component|auto_generated|pll1|clk[0] ; pll1_inst|altpll_component|auto_generated|pll1|clk[0] ; 58057422   ; 0        ; 0        ; 0        ;
+-------------------------------------------------------+-------------------------------------------------------+------------+----------+----------+----------+
Entries labeled "false path" only account for clock-to-clock false paths and not path-based false paths. As a result, actual path counts may be lower than reported.


+-------------------------------------------------------------------------------------------------------------------------------------------------------------+
; Recovery Transfers                                                                                                                                          ;
+-------------------------------------------------------+-------------------------------------------------------+------------+----------+----------+----------+
; From Clock                                            ; To Clock                                              ; RR Paths   ; FR Paths ; RF Paths ; FF Paths ;
+-------------------------------------------------------+-------------------------------------------------------+------------+----------+----------+----------+
; altera_reserved_tck                                   ; altera_reserved_tck                                   ; 693        ; 0        ; 0        ; 0        ;
; altera_reserved_tck                                   ; pll1_inst|altpll_component|auto_generated|pll1|clk[0] ; false path ; 0        ; 0        ; 0        ;
; pll1_inst|altpll_component|auto_generated|pll1|clk[0] ; pll1_inst|altpll_component|auto_generated|pll1|clk[0] ; 23205      ; 0        ; 0        ; 0        ;
+-------------------------------------------------------+-------------------------------------------------------+------------+----------+----------+----------+
Entries labeled "false path" only account for clock-to-clock false paths and not path-based false paths. As a result, actual path counts may be lower than reported.


+-------------------------------------------------------------------------------------------------------------------------------------------------------------+
; Removal Transfers                                                                                                                                           ;
+-------------------------------------------------------+-------------------------------------------------------+------------+----------+----------+----------+
; From Clock                                            ; To Clock                                              ; RR Paths   ; FR Paths ; RF Paths ; FF Paths ;
+-------------------------------------------------------+-------------------------------------------------------+------------+----------+----------+----------+
; altera_reserved_tck                                   ; altera_reserved_tck                                   ; 693        ; 0        ; 0        ; 0        ;
; altera_reserved_tck                                   ; pll1_inst|altpll_component|auto_generated|pll1|clk[0] ; false path ; 0        ; 0        ; 0        ;
; pll1_inst|altpll_component|auto_generated|pll1|clk[0] ; pll1_inst|altpll_component|auto_generated|pll1|clk[0] ; 23205      ; 0        ; 0        ; 0        ;
+-------------------------------------------------------+-------------------------------------------------------+------------+----------+----------+----------+
Entries labeled "false path" only account for clock-to-clock false paths and not path-based false paths. As a result, actual path counts may be lower than reported.


---------------
; Report TCCS ;
---------------
No dedicated SERDES Transmitter circuitry present in device or used in design


---------------
; Report RSKM ;
---------------
No non-DPA dedicated SERDES Receiver circuitry present in device or used in design


+------------------------------------------------+
; Unconstrained Paths Summary                    ;
+---------------------------------+-------+------+
; Property                        ; Setup ; Hold ;
+---------------------------------+-------+------+
; Illegal Clocks                  ; 0     ; 0    ;
; Unconstrained Clocks            ; 0     ; 0    ;
; Unconstrained Input Ports       ; 3     ; 3    ;
; Unconstrained Input Port Paths  ; 8638  ; 8638 ;
; Unconstrained Output Ports      ; 9     ; 9    ;
; Unconstrained Output Port Paths ; 9     ; 9    ;
+---------------------------------+-------+------+


+-----------------------------------------------------------------------------------------------------------------------------------------+
; Clock Status Summary                                                                                                                    ;
+-------------------------------------------------------+-------------------------------------------------------+-----------+-------------+
; Target                                                ; Clock                                                 ; Type      ; Status      ;
+-------------------------------------------------------+-------------------------------------------------------+-----------+-------------+
; MAX10_CLK1_50                                         ; MAX10_CLK1_50                                         ; Base      ; Constrained ;
; altera_reserved_tck                                   ; altera_reserved_tck                                   ; Base      ; Constrained ;
; pll1_inst|altpll_component|auto_generated|pll1|clk[0] ; pll1_inst|altpll_component|auto_generated|pll1|clk[0] ; Generated ; Constrained ;
+-------------------------------------------------------+-------------------------------------------------------+-----------+-------------+


+------------------------------------------------------------------------------------------------------------+
; Unconstrained Input Ports                                                                                  ;
+---------------------+--------------------------------------------------------------------------------------+
; Input Port          ; Comment                                                                              ;
+---------------------+--------------------------------------------------------------------------------------+
; altera_reserved_tdi ; No input delay, min/max delays, false-path exceptions, or max skew assignments found ;
; altera_reserved_tms ; No input delay, min/max delays, false-path exceptions, or max skew assignments found ;
; rst                 ; No input delay, min/max delays, false-path exceptions, or max skew assignments found ;
+---------------------+--------------------------------------------------------------------------------------+


+-------------------------------------------------------------------------------------------------------------+
; Unconstrained Output Ports                                                                                  ;
+---------------------+---------------------------------------------------------------------------------------+
; Output Port         ; Comment                                                                               ;
+---------------------+---------------------------------------------------------------------------------------+
; PC[0]               ; No output delay, min/max delays, false-path exceptions, or max skew assignments found ;
; PC[1]               ; No output delay, min/max delays, false-path exceptions, or max skew assignments found ;
; PC[2]               ; No output delay, min/max delays, false-path exceptions, or max skew assignments found ;
; PC[3]               ; No output delay, min/max delays, false-path exceptions, or max skew assignments found ;
; PC[4]               ; No output delay, min/max delays, false-path exceptions, or max skew assignments found ;
; PC[5]               ; No output delay, min/max delays, false-path exceptions, or max skew assignments found ;
; PC[6]               ; No output delay, min/max delays, false-path exceptions, or max skew assignments found ;
; PC[7]               ; No output delay, min/max delays, false-path exceptions, or max skew assignments found ;
; altera_reserved_tdo ; No output delay, min/max delays, false-path exceptions, or max skew assignments found ;
+---------------------+---------------------------------------------------------------------------------------+


+------------------------------------------------------------------------------------------------------------+
; Unconstrained Input Ports                                                                                  ;
+---------------------+--------------------------------------------------------------------------------------+
; Input Port          ; Comment                                                                              ;
+---------------------+--------------------------------------------------------------------------------------+
; altera_reserved_tdi ; No input delay, min/max delays, false-path exceptions, or max skew assignments found ;
; altera_reserved_tms ; No input delay, min/max delays, false-path exceptions, or max skew assignments found ;
; rst                 ; No input delay, min/max delays, false-path exceptions, or max skew assignments found ;
+---------------------+--------------------------------------------------------------------------------------+


+-------------------------------------------------------------------------------------------------------------+
; Unconstrained Output Ports                                                                                  ;
+---------------------+---------------------------------------------------------------------------------------+
; Output Port         ; Comment                                                                               ;
+---------------------+---------------------------------------------------------------------------------------+
; PC[0]               ; No output delay, min/max delays, false-path exceptions, or max skew assignments found ;
; PC[1]               ; No output delay, min/max delays, false-path exceptions, or max skew assignments found ;
; PC[2]               ; No output delay, min/max delays, false-path exceptions, or max skew assignments found ;
; PC[3]               ; No output delay, min/max delays, false-path exceptions, or max skew assignments found ;
; PC[4]               ; No output delay, min/max delays, false-path exceptions, or max skew assignments found ;
; PC[5]               ; No output delay, min/max delays, false-path exceptions, or max skew assignments found ;
; PC[6]               ; No output delay, min/max delays, false-path exceptions, or max skew assignments found ;
; PC[7]               ; No output delay, min/max delays, false-path exceptions, or max skew assignments found ;
; altera_reserved_tdo ; No output delay, min/max delays, false-path exceptions, or max skew assignments found ;
+---------------------+---------------------------------------------------------------------------------------+


+--------------------------+
; Timing Analyzer Messages ;
+--------------------------+
Info: *******************************************************************
Info: Running Quartus Prime Timing Analyzer
    Info: Version 20.1.0 Build 711 06/05/2020 SJ Lite Edition
    Info: Processing started: Tue Feb 13 11:27:44 2024
Info: Command: quartus_sta Final -c Final
Info: qsta_default_script.tcl version: #1
Warning (18236): Number of processors has not been specified which may cause overloading on shared machines.  Set the global assignment NUM_PARALLEL_PROCESSORS in your QSF to an appropriate value for best performance.
Info (20030): Parallel compilation is enabled and will use 14 of the 14 processors detected
Info (21077): Low junction temperature is 0 degrees C
Info (21077): High junction temperature is 85 degrees C
Info (332164): Evaluating HDL-embedded SDC commands
    Info (332165): Entity sld_hub
        Info (332166): create_clock -name altera_reserved_tck [get_ports {altera_reserved_tck}] -period 10MHz   
        Info (332166): set_clock_groups -asynchronous -group {altera_reserved_tck}
Info (332104): Reading SDC File: 'Final.sdc'
Info (332110): Deriving PLL clocks
    Info (332110): create_clock -period 20.000 -waveform {0.000 10.000} -name MAX10_CLK1_50 MAX10_CLK1_50
    Info (332110): create_generated_clock -source {pll1_inst|altpll_component|auto_generated|pll1|inclk[0]} -divide_by 25 -multiply_by 31 -duty_cycle 50.00 -name {pll1_inst|altpll_component|auto_generated|pll1|clk[0]} {pll1_inst|altpll_component|auto_generated|pll1|clk[0]}
Warning (332174): Ignored filter at Final.sdc(43): clk could not be matched with a port File: C:/Users/ASUS/Desktop/comptition/The three designs/Superscalar out of order/Final.sdc Line: 43
Warning (332049): Ignored create_clock at Final.sdc(43): Argument <targets> is an empty collection File: C:/Users/ASUS/Desktop/comptition/The three designs/Superscalar out of order/Final.sdc Line: 43
    Info (332050): create_clock -name {clk} -period 16.428 -waveform { 0.000 8.214 } [get_ports { clk }] File: C:/Users/ASUS/Desktop/comptition/The three designs/Superscalar out of order/Final.sdc Line: 43
Warning (332174): Ignored filter at Final.sdc(62): clk could not be matched with a clock File: C:/Users/ASUS/Desktop/comptition/The three designs/Superscalar out of order/Final.sdc Line: 62
Warning (332049): Ignored set_clock_uncertainty at Final.sdc(62): Argument -rise_from with value [get_clocks {clk}] contains zero elements File: C:/Users/ASUS/Desktop/comptition/The three designs/Superscalar out of order/Final.sdc Line: 62
    Info (332050): set_clock_uncertainty -rise_from [get_clocks {clk}] -rise_to [get_clocks {clk}]  0.020   File: C:/Users/ASUS/Desktop/comptition/The three designs/Superscalar out of order/Final.sdc Line: 62
Warning (332049): Ignored set_clock_uncertainty at Final.sdc(62): Argument -rise_to with value [get_clocks {clk}] contains zero elements File: C:/Users/ASUS/Desktop/comptition/The three designs/Superscalar out of order/Final.sdc Line: 62
Warning (332049): Ignored set_clock_uncertainty at Final.sdc(63): Argument -rise_from with value [get_clocks {clk}] contains zero elements File: C:/Users/ASUS/Desktop/comptition/The three designs/Superscalar out of order/Final.sdc Line: 63
    Info (332050): set_clock_uncertainty -rise_from [get_clocks {clk}] -fall_to [get_clocks {clk}]  0.020   File: C:/Users/ASUS/Desktop/comptition/The three designs/Superscalar out of order/Final.sdc Line: 63
Warning (332049): Ignored set_clock_uncertainty at Final.sdc(63): Argument -fall_to with value [get_clocks {clk}] contains zero elements File: C:/Users/ASUS/Desktop/comptition/The three designs/Superscalar out of order/Final.sdc Line: 63
Warning (332049): Ignored set_clock_uncertainty at Final.sdc(64): Argument -fall_from with value [get_clocks {clk}] contains zero elements File: C:/Users/ASUS/Desktop/comptition/The three designs/Superscalar out of order/Final.sdc Line: 64
    Info (332050): set_clock_uncertainty -fall_from [get_clocks {clk}] -rise_to [get_clocks {clk}]  0.020   File: C:/Users/ASUS/Desktop/comptition/The three designs/Superscalar out of order/Final.sdc Line: 64
Warning (332049): Ignored set_clock_uncertainty at Final.sdc(64): Argument -rise_to with value [get_clocks {clk}] contains zero elements File: C:/Users/ASUS/Desktop/comptition/The three designs/Superscalar out of order/Final.sdc Line: 64
Warning (332049): Ignored set_clock_uncertainty at Final.sdc(65): Argument -fall_from with value [get_clocks {clk}] contains zero elements File: C:/Users/ASUS/Desktop/comptition/The three designs/Superscalar out of order/Final.sdc Line: 65
    Info (332050): set_clock_uncertainty -fall_from [get_clocks {clk}] -fall_to [get_clocks {clk}]  0.020   File: C:/Users/ASUS/Desktop/comptition/The three designs/Superscalar out of order/Final.sdc Line: 65
Warning (332049): Ignored set_clock_uncertainty at Final.sdc(65): Argument -fall_to with value [get_clocks {clk}] contains zero elements File: C:/Users/ASUS/Desktop/comptition/The three designs/Superscalar out of order/Final.sdc Line: 65
Info (332097): The following timing edges are non-unate.  The Timing Analyzer will assume pos-unate behavior for these edges in the clock network.
    Info (332098): Cell: altera_internal_jtag  from: tck  to: tckutap
Critical Warning (332168): The following clock transfers have no clock uncertainty assignment. For more accurate results, apply clock uncertainty assignments or use the derive_clock_uncertainty command.
    Critical Warning (332169): From altera_reserved_tck (Rise) to altera_reserved_tck (Rise) (setup and hold)
    Critical Warning (332169): From altera_reserved_tck (Rise) to altera_reserved_tck (Fall) (setup and hold)
    Critical Warning (332169): From pll1_inst|altpll_component|auto_generated|pll1|clk[0] (Rise) to pll1_inst|altpll_component|auto_generated|pll1|clk[0] (Rise) (setup and hold)
Info: Found TIMING_ANALYZER_REPORT_SCRIPT_INCLUDE_DEFAULT_ANALYSIS = ON
Info: Analyzing Slow 1200mV 85C Model
Info: Can't run Report Timing Closure Recommendations. The current device family is not supported.
Critical Warning (332148): Timing requirements not met
Info (332146): Worst-case setup slack is -0.006
    Info (332119):     Slack       End Point TNS Clock 
    Info (332119): ========= =================== =====================
    Info (332119):    -0.006              -0.006 pll1_inst|altpll_component|auto_generated|pll1|clk[0] 
    Info (332119):    38.306               0.000 altera_reserved_tck 
Info (332146): Worst-case hold slack is 0.237
    Info (332119):     Slack       End Point TNS Clock 
    Info (332119): ========= =================== =====================
    Info (332119):     0.237               0.000 pll1_inst|altpll_component|auto_generated|pll1|clk[0] 
    Info (332119):     0.278               0.000 altera_reserved_tck 
Info (332146): Worst-case recovery slack is 3.472
    Info (332119):     Slack       End Point TNS Clock 
    Info (332119): ========= =================== =====================
    Info (332119):     3.472               0.000 pll1_inst|altpll_component|auto_generated|pll1|clk[0] 
    Info (332119):    93.987               0.000 altera_reserved_tck 
Info (332146): Worst-case removal slack is 1.134
    Info (332119):     Slack       End Point TNS Clock 
    Info (332119): ========= =================== =====================
    Info (332119):     1.134               0.000 altera_reserved_tck 
    Info (332119):     5.354               0.000 pll1_inst|altpll_component|auto_generated|pll1|clk[0] 
Info (332146): Worst-case minimum pulse width slack is 7.730
    Info (332119):     Slack       End Point TNS Clock 
    Info (332119): ========= =================== =====================
    Info (332119):     7.730               0.000 pll1_inst|altpll_component|auto_generated|pll1|clk[0] 
    Info (332119):     9.873               0.000 MAX10_CLK1_50 
    Info (332119):    49.526               0.000 altera_reserved_tck 
Info (332114): Report Metastability: Found 2 synchronizer chains.
    Info (332114): The design MTBF is not calculated because there are no specified synchronizers in the design.
    Info (332114): Number of Synchronizer Chains Found: 2
    Info (332114): Shortest Synchronizer Chain: 4 Registers
    Info (332114): Fraction of Chains for which MTBFs Could Not be Calculated: 1.000
    Info (332114): Worst Case Available Settling Time: 341.245 ns
    Info (332114): 
Info: Analyzing Slow 1200mV 0C Model
Info (334003): Started post-fitting delay annotation
Info (334004): Delay annotation completed successfully
Info (332097): The following timing edges are non-unate.  The Timing Analyzer will assume pos-unate behavior for these edges in the clock network.
    Info (332098): Cell: altera_internal_jtag  from: tck  to: tckutap
Critical Warning (332168): The following clock transfers have no clock uncertainty assignment. For more accurate results, apply clock uncertainty assignments or use the derive_clock_uncertainty command.
    Critical Warning (332169): From altera_reserved_tck (Rise) to altera_reserved_tck (Rise) (setup and hold)
    Critical Warning (332169): From altera_reserved_tck (Rise) to altera_reserved_tck (Fall) (setup and hold)
    Critical Warning (332169): From pll1_inst|altpll_component|auto_generated|pll1|clk[0] (Rise) to pll1_inst|altpll_component|auto_generated|pll1|clk[0] (Rise) (setup and hold)
Info (332146): Worst-case setup slack is 1.170
    Info (332119):     Slack       End Point TNS Clock 
    Info (332119): ========= =================== =====================
    Info (332119):     1.170               0.000 pll1_inst|altpll_component|auto_generated|pll1|clk[0] 
    Info (332119):    39.088               0.000 altera_reserved_tck 
Info (332146): Worst-case hold slack is 0.192
    Info (332119):     Slack       End Point TNS Clock 
    Info (332119): ========= =================== =====================
    Info (332119):     0.192               0.000 pll1_inst|altpll_component|auto_generated|pll1|clk[0] 
    Info (332119):     0.273               0.000 altera_reserved_tck 
Info (332146): Worst-case recovery slack is 4.449
    Info (332119):     Slack       End Point TNS Clock 
    Info (332119): ========= =================== =====================
    Info (332119):     4.449               0.000 pll1_inst|altpll_component|auto_generated|pll1|clk[0] 
    Info (332119):    94.354               0.000 altera_reserved_tck 
Info (332146): Worst-case removal slack is 1.033
    Info (332119):     Slack       End Point TNS Clock 
    Info (332119): ========= =================== =====================
    Info (332119):     1.033               0.000 altera_reserved_tck 
    Info (332119):     4.886               0.000 pll1_inst|altpll_component|auto_generated|pll1|clk[0] 
Info (332146): Worst-case minimum pulse width slack is 7.750
    Info (332119):     Slack       End Point TNS Clock 
    Info (332119): ========= =================== =====================
    Info (332119):     7.750               0.000 pll1_inst|altpll_component|auto_generated|pll1|clk[0] 
    Info (332119):     9.894               0.000 MAX10_CLK1_50 
    Info (332119):    49.542               0.000 altera_reserved_tck 
Info (332114): Report Metastability: Found 2 synchronizer chains.
    Info (332114): The design MTBF is not calculated because there are no specified synchronizers in the design.
    Info (332114): Number of Synchronizer Chains Found: 2
    Info (332114): Shortest Synchronizer Chain: 4 Registers
    Info (332114): Fraction of Chains for which MTBFs Could Not be Calculated: 1.000
    Info (332114): Worst Case Available Settling Time: 341.966 ns
    Info (332114): 
Info: Analyzing Fast 1200mV 0C Model
Info (332097): The following timing edges are non-unate.  The Timing Analyzer will assume pos-unate behavior for these edges in the clock network.
    Info (332098): Cell: altera_internal_jtag  from: tck  to: tckutap
Critical Warning (332168): The following clock transfers have no clock uncertainty assignment. For more accurate results, apply clock uncertainty assignments or use the derive_clock_uncertainty command.
    Critical Warning (332169): From altera_reserved_tck (Rise) to altera_reserved_tck (Rise) (setup and hold)
    Critical Warning (332169): From altera_reserved_tck (Rise) to altera_reserved_tck (Fall) (setup and hold)
    Critical Warning (332169): From pll1_inst|altpll_component|auto_generated|pll1|clk[0] (Rise) to pll1_inst|altpll_component|auto_generated|pll1|clk[0] (Rise) (setup and hold)
Info (332146): Worst-case setup slack is 8.859
    Info (332119):     Slack       End Point TNS Clock 
    Info (332119): ========= =================== =====================
    Info (332119):     8.859               0.000 pll1_inst|altpll_component|auto_generated|pll1|clk[0] 
    Info (332119):    44.658               0.000 altera_reserved_tck 
Info (332146): Worst-case hold slack is 0.105
    Info (332119):     Slack       End Point TNS Clock 
    Info (332119): ========= =================== =====================
    Info (332119):     0.105               0.000 altera_reserved_tck 
    Info (332119):     0.111               0.000 pll1_inst|altpll_component|auto_generated|pll1|clk[0] 
Info (332146): Worst-case recovery slack is 10.205
    Info (332119):     Slack       End Point TNS Clock 
    Info (332119): ========= =================== =====================
    Info (332119):    10.205               0.000 pll1_inst|altpll_component|auto_generated|pll1|clk[0] 
    Info (332119):    96.963               0.000 altera_reserved_tck 
Info (332146): Worst-case removal slack is 0.482
    Info (332119):     Slack       End Point TNS Clock 
    Info (332119): ========= =================== =====================
    Info (332119):     0.482               0.000 altera_reserved_tck 
    Info (332119):     2.413               0.000 pll1_inst|altpll_component|auto_generated|pll1|clk[0] 
Info (332146): Worst-case minimum pulse width slack is 7.777
    Info (332119):     Slack       End Point TNS Clock 
    Info (332119): ========= =================== =====================
    Info (332119):     7.777               0.000 pll1_inst|altpll_component|auto_generated|pll1|clk[0] 
    Info (332119):     9.666               0.000 MAX10_CLK1_50 
    Info (332119):    49.389               0.000 altera_reserved_tck 
Info (332114): Report Metastability: Found 2 synchronizer chains.
    Info (332114): The design MTBF is not calculated because there are no specified synchronizers in the design.
    Info (332114): Number of Synchronizer Chains Found: 2
    Info (332114): Shortest Synchronizer Chain: 4 Registers
    Info (332114): Fraction of Chains for which MTBFs Could Not be Calculated: 1.000
    Info (332114): Worst Case Available Settling Time: 346.492 ns
    Info (332114): 
Info (332102): Design is not fully constrained for setup requirements
Info (332102): Design is not fully constrained for hold requirements
Info: Quartus Prime Timing Analyzer was successful. 0 errors, 25 warnings
    Info: Peak virtual memory: 5275 megabytes
    Info: Processing ended: Tue Feb 13 11:27:56 2024
    Info: Elapsed time: 00:00:12
    Info: Total CPU time (on all processors): 00:00:31


