MIF/HEX Update report for Full_pipline
Fri Dec 22 23:14:01 2023
Quartus Prime Version 20.1.0 Build 711 06/05/2020 SJ Lite Edition


---------------------
; Table of Contents ;
---------------------
  1. Legal Notice
  2. MIF/HEX Update Summary
  3. MIF/HEX Update Processed Files
  4. MIF/HEX Update Messages



----------------
; Legal Notice ;
----------------
Copyright (C) 2020  Intel Corporation. All rights reserved.
Your use of Intel Corporation's design tools, logic functions 
and other software and tools, and any partner logic 
functions, and any output files from any of the foregoing 
(including device programming or simulation files), and any 
associated documentation or information are expressly subject 
to the terms and conditions of the Intel Program License 
Subscription Agreement, the Intel Quartus Prime License Agreement,
the Intel FPGA IP License Agreement, or other applicable license
agreement, including, without limitation, that your use is for
the sole purpose of programming logic devices manufactured by
Intel and sold by Intel or its authorized distributors.  Please
refer to the applicable agreement for further details, at
https://fpgasoftware.intel.com/eula.



+---------------------------------------------------------------+
; MIF/HEX Update Summary                                        ;
+-----------------------+---------------------------------------+
; MIF/HEX Update Status ; Successful - Fri Dec 22 23:14:01 2023 ;
; Revision Name         ; Full_pipline                          ;
; Top-level Entity Name ; PIPELINE_MIPS_PROCESSOR               ;
; Family                ; MAX 10                                ;
; Device                ; 10M50DAF484C7G                        ;
+-----------------------+---------------------------------------+


+----------------------------------------------------------------+
; MIF/HEX Update Processed Files                                 ;
+----------------------------------------------------------------+
; File Name                                                      ;
+----------------------------------------------------------------+
; C:/Users/ASUS/Desktop/comptition/procbeforeooo/DATA_MEMORY.mif ;
; C:/Users/ASUS/Desktop/comptition/procbeforeooo/inst_init4.mif  ;
+----------------------------------------------------------------+


+-------------------------+
; MIF/HEX Update Messages ;
+-------------------------+
Info: *******************************************************************
Info: Running Quartus Prime MIF/HEX Update
    Info: Version 20.1.0 Build 711 06/05/2020 SJ Lite Edition
    Info: Processing started: Fri Dec 22 23:14:01 2023
Info: Command: quartus_cdb LastPipelineBeforeOOO -c Full_pipline --update_mif
Warning (18236): Number of processors has not been specified which may cause overloading on shared machines.  Set the global assignment NUM_PARALLEL_PROCESSORS in your QSF to an appropriate value for best performance.
Info (39024): Processed the following Memory Initialization File(s)
    Info (39025): Processed Memory Initialization File C:/Users/ASUS/Desktop/comptition/procbeforeooo/DATA_MEMORY.mif File: C:/Users/ASUS/Desktop/comptition/procbeforeooo/DATA_MEMORY.mif Line: 0
    Info (39025): Processed Memory Initialization File C:/Users/ASUS/Desktop/comptition/procbeforeooo/inst_init4.mif File: C:/Users/ASUS/Desktop/comptition/procbeforeooo/inst_init4.mif Line: 0
Info: Quartus Prime MIF/HEX Update was successful. 0 errors, 1 warning
    Info: Peak virtual memory: 4739 megabytes
    Info: Processing ended: Fri Dec 22 23:14:01 2023
    Info: Elapsed time: 00:00:00
    Info: Total CPU time (on all processors): 00:00:00


