Flow report for Full_pipline
Thu Feb 08 03:35:37 2024
Quartus Prime Version 20.1.0 Build 711 06/05/2020 SJ Lite Edition


---------------------
; Table of Contents ;
---------------------
  1. Legal Notice
  2. Flow Summary
  3. Flow Settings
  4. Flow Non-Default Global Settings
  5. Flow Elapsed Time
  6. Flow OS Summary
  7. Flow Log
  8. Flow Messages
  9. Flow Suppressed Messages



----------------
; Legal Notice ;
----------------
Copyright (C) 2020  Intel Corporation. All rights reserved.
Your use of Intel Corporation's design tools, logic functions 
and other software and tools, and any partner logic 
functions, and any output files from any of the foregoing 
(including device programming or simulation files), and any 
associated documentation or information are expressly subject 
to the terms and conditions of the Intel Program License 
Subscription Agreement, the Intel Quartus Prime License Agreement,
the Intel FPGA IP License Agreement, or other applicable license
agreement, including, without limitation, that your use is for
the sole purpose of programming logic devices manufactured by
Intel and sold by Intel or its authorized distributors.  Please
refer to the applicable agreement for further details, at
https://fpgasoftware.intel.com/eula.



+----------------------------------------------------------------------------------+
; Flow Summary                                                                     ;
+------------------------------------+---------------------------------------------+
; Flow Status                        ; Successful - Thu Feb 08 03:35:37 2024       ;
; Quartus Prime Version              ; 20.1.0 Build 711 06/05/2020 SJ Lite Edition ;
; Revision Name                      ; Full_pipline                                ;
; Top-level Entity Name              ; PIPELINE_MIPS_PROCESSOR                     ;
; Family                             ; MAX 10                                      ;
; Device                             ; 10M50DAF484C7G                              ;
; Timing Models                      ; Final                                       ;
; Total logic elements               ; 4,254 / 49,760 ( 9 % )                      ;
;     Total combinational functions  ; 3,350 / 49,760 ( 7 % )                      ;
;     Dedicated logic registers      ; 2,763 / 49,760 ( 6 % )                      ;
; Total registers                    ; 2763                                        ;
; Total pins                         ; 2 / 360 ( < 1 % )                           ;
; Total virtual pins                 ; 0                                           ;
; Total memory bits                  ; 321,536 / 1,677,312 ( 19 % )                ;
; Embedded Multiplier 9-bit elements ; 0 / 288 ( 0 % )                             ;
; Total PLLs                         ; 1 / 4 ( 25 % )                              ;
; UFM blocks                         ; 0 / 1 ( 0 % )                               ;
; ADC blocks                         ; 0 / 2 ( 0 % )                               ;
+------------------------------------+---------------------------------------------+


+-----------------------------------------+
; Flow Settings                           ;
+-------------------+---------------------+
; Option            ; Setting             ;
+-------------------+---------------------+
; Start date & time ; 02/08/2024 03:34:40 ;
; Main task         ; Compilation         ;
; Revision Name     ; Full_pipline        ;
+-------------------+---------------------+


+-----------------------------------------------------------------------------------------------------------------------------------------------------------------------------------------------------------------------------------------------------------------------------------------------------------------------------------------------------------------------------------------------------------+
; Flow Non-Default Global Settings                                                                                                                                                                                                                                                                                                                                                                          ;
+--------------------------------------+--------------------------------------------------------------------------------------------------------------------------------------------------------------------------------------------------------------------------------------------------------------------------------------+---------------+-------------------------+-----------------------------------+
; Assignment Name                      ; Value                                                                                                                                                                                                                                                                                ; Default Value ; Entity Name             ; Section Id                        ;
+--------------------------------------+--------------------------------------------------------------------------------------------------------------------------------------------------------------------------------------------------------------------------------------------------------------------------------------+---------------+-------------------------+-----------------------------------+
; COMPILER_SIGNATURE_ID                ; 96830616858650.170735248034720                                                                                                                                                                                                                                                       ; --            ; --                      ; --                                ;
; EDA_DESIGN_INSTANCE_NAME             ; NA                                                                                                                                                                                                                                                                                   ; --            ; --                      ; testbench.sv                      ;
; EDA_DESIGN_INSTANCE_NAME             ; NA                                                                                                                                                                                                                                                                                   ; --            ; --                      ; t6                                ;
; EDA_DESIGN_INSTANCE_NAME             ; NA                                                                                                                                                                                                                                                                                   ; --            ; --                      ; testbench6                        ;
; EDA_DESIGN_INSTANCE_NAME             ; NA                                                                                                                                                                                                                                                                                   ; --            ; --                      ; testbench                         ;
; EDA_GENERATE_FUNCTIONAL_NETLIST      ; Off                                                                                                                                                                                                                                                                                  ; --            ; --                      ; eda_board_design_timing           ;
; EDA_GENERATE_FUNCTIONAL_NETLIST      ; Off                                                                                                                                                                                                                                                                                  ; --            ; --                      ; eda_board_design_boundary_scan    ;
; EDA_GENERATE_FUNCTIONAL_NETLIST      ; Off                                                                                                                                                                                                                                                                                  ; --            ; --                      ; eda_board_design_signal_integrity ;
; EDA_GENERATE_FUNCTIONAL_NETLIST      ; Off                                                                                                                                                                                                                                                                                  ; --            ; --                      ; eda_board_design_symbol           ;
; EDA_NATIVELINK_SIMULATION_TEST_BENCH ; testbench                                                                                                                                                                                                                                                                            ; --            ; --                      ; eda_simulation                    ;
; EDA_OUTPUT_DATA_FORMAT               ; Verilog Hdl                                                                                                                                                                                                                                                                          ; --            ; --                      ; eda_simulation                    ;
; EDA_SIMULATION_TOOL                  ; ModelSim-Altera (Verilog)                                                                                                                                                                                                                                                            ; <None>        ; --                      ; --                                ;
; EDA_TEST_BENCH_ENABLE_STATUS         ; TEST_BENCH_MODE                                                                                                                                                                                                                                                                      ; --            ; --                      ; eda_simulation                    ;
; EDA_TEST_BENCH_FILE                  ; testbench.sv                                                                                                                                                                                                                                                                         ; --            ; --                      ; testbench.sv                      ;
; EDA_TEST_BENCH_FILE                  ; verification/testbench6.sv                                                                                                                                                                                                                                                           ; --            ; --                      ; t6                                ;
; EDA_TEST_BENCH_FILE                  ; verification/testbench6.sv                                                                                                                                                                                                                                                           ; --            ; --                      ; testbench6                        ;
; EDA_TEST_BENCH_FILE                  ; testbench.sv                                                                                                                                                                                                                                                                         ; --            ; --                      ; testbench                         ;
; EDA_TEST_BENCH_MODULE_NAME           ; testbench.sv                                                                                                                                                                                                                                                                         ; --            ; --                      ; testbench.sv                      ;
; EDA_TEST_BENCH_MODULE_NAME           ; t6                                                                                                                                                                                                                                                                                   ; --            ; --                      ; t6                                ;
; EDA_TEST_BENCH_MODULE_NAME           ; testbench6                                                                                                                                                                                                                                                                           ; --            ; --                      ; testbench6                        ;
; EDA_TEST_BENCH_MODULE_NAME           ; testbench                                                                                                                                                                                                                                                                            ; --            ; --                      ; testbench                         ;
; EDA_TEST_BENCH_NAME                  ; t6                                                                                                                                                                                                                                                                                   ; --            ; --                      ; eda_simulation                    ;
; EDA_TEST_BENCH_NAME                  ; testbench                                                                                                                                                                                                                                                                            ; --            ; --                      ; eda_simulation                    ;
; EDA_TEST_BENCH_NAME                  ; testbench.sv                                                                                                                                                                                                                                                                         ; --            ; --                      ; eda_simulation                    ;
; EDA_TEST_BENCH_NAME                  ; testbench6                                                                                                                                                                                                                                                                           ; --            ; --                      ; eda_simulation                    ;
; EDA_TIME_SCALE                       ; 1 ps                                                                                                                                                                                                                                                                                 ; --            ; --                      ; eda_simulation                    ;
; ENABLE_SIGNALTAP                     ; On                                                                                                                                                                                                                                                                                   ; --            ; --                      ; --                                ;
; MAX_CORE_JUNCTION_TEMP               ; 85                                                                                                                                                                                                                                                                                   ; --            ; --                      ; --                                ;
; MIN_CORE_JUNCTION_TEMP               ; 0                                                                                                                                                                                                                                                                                    ; --            ; --                      ; --                                ;
; MISC_FILE                            ; clktrial2/synthesis/../clktrial2.cmp                                                                                                                                                                                                                                                 ; --            ; --                      ; --                                ;
; MISC_FILE                            ; clktrial2/synthesis/../../clktrial2.qsys                                                                                                                                                                                                                                             ; --            ; --                      ; --                                ;
; MISC_FILE                            ; clktrial1/synthesis/../clktrial1.cmp                                                                                                                                                                                                                                                 ; --            ; --                      ; --                                ;
; MISC_FILE                            ; clktrial1/synthesis/../../clktrial1.qsys                                                                                                                                                                                                                                             ; --            ; --                      ; --                                ;
; MISC_FILE                            ; INSTRUCTION_MEMORY_inst.v                                                                                                                                                                                                                                                            ; --            ; --                      ; --                                ;
; MISC_FILE                            ; INSTRUCTION_MEMORY_bb.v                                                                                                                                                                                                                                                              ; --            ; --                      ; --                                ;
; MISC_FILE                            ; DATA_MEMORY_inst.v                                                                                                                                                                                                                                                                   ; --            ; --                      ; --                                ;
; MISC_FILE                            ; DATA_MEMORY_bb.v                                                                                                                                                                                                                                                                     ; --            ; --                      ; --                                ;
; MISC_FILE                            ; pll1_inst.v                                                                                                                                                                                                                                                                          ; --            ; --                      ; --                                ;
; MISC_FILE                            ; pll1_bb.v                                                                                                                                                                                                                                                                            ; --            ; --                      ; --                                ;
; MISC_FILE                            ; pll1.ppf                                                                                                                                                                                                                                                                             ; --            ; --                      ; --                                ;
; OUTPUT_IO_TIMING_FAR_END_VMEAS       ; Half Signal Swing                                                                                                                                                                                                                                                                    ; --            ; --                      ; --                                ;
; OUTPUT_IO_TIMING_FAR_END_VMEAS       ; Half Signal Swing                                                                                                                                                                                                                                                                    ; --            ; --                      ; --                                ;
; OUTPUT_IO_TIMING_NEAR_END_VMEAS      ; Half Vccio                                                                                                                                                                                                                                                                           ; --            ; --                      ; --                                ;
; OUTPUT_IO_TIMING_NEAR_END_VMEAS      ; Half Vccio                                                                                                                                                                                                                                                                           ; --            ; --                      ; --                                ;
; PARTITION_COLOR                      ; -- (Not supported for targeted family)                                                                                                                                                                                                                                               ; --            ; PIPELINE_MIPS_PROCESSOR ; Top                               ;
; PARTITION_FITTER_PRESERVATION_LEVEL  ; -- (Not supported for targeted family)                                                                                                                                                                                                                                               ; --            ; PIPELINE_MIPS_PROCESSOR ; Top                               ;
; PARTITION_NETLIST_TYPE               ; -- (Not supported for targeted family)                                                                                                                                                                                                                                               ; --            ; PIPELINE_MIPS_PROCESSOR ; Top                               ;
; POWER_BOARD_THERMAL_MODEL            ; None (CONSERVATIVE)                                                                                                                                                                                                                                                                  ; --            ; --                      ; --                                ;
; POWER_PRESET_COOLING_SOLUTION        ; 23 MM HEAT SINK WITH 200 LFPM AIRFLOW                                                                                                                                                                                                                                                ; --            ; --                      ; --                                ;
; SLD_FILE                             ; clktrial2/synthesis/clktrial2.debuginfo                                                                                                                                                                                                                                              ; --            ; --                      ; --                                ;
; SLD_FILE                             ; clktrial1/synthesis/clktrial1.debuginfo                                                                                                                                                                                                                                              ; --            ; --                      ; --                                ;
; SLD_FILE                             ; db/stp1_auto_stripped.stp                                                                                                                                                                                                                                                            ; --            ; --                      ; --                                ;
; SLD_INFO                             ; QSYS_NAME clktrial1 HAS_SOPCINFO 1 GENERATION_ID 1703185126                                                                                                                                                                                                                          ; --            ; clktrial1               ; --                                ;
; SLD_INFO                             ; QSYS_NAME clktrial2 HAS_SOPCINFO 1 GENERATION_ID 1703285226                                                                                                                                                                                                                          ; --            ; clktrial2               ; --                                ;
; SLD_NODE_CREATOR_ID                  ; 110                                                                                                                                                                                                                                                                                  ; --            ; --                      ; auto_signaltap_0                  ;
; SLD_NODE_ENTITY_NAME                 ; sld_signaltap                                                                                                                                                                                                                                                                        ; --            ; --                      ; auto_signaltap_0                  ;
; SLD_NODE_PARAMETER_ASSIGNMENT        ; SLD_RAM_BLOCK_TYPE=AUTO                                                                                                                                                                                                                                                              ; --            ; --                      ; auto_signaltap_0                  ;
; SLD_NODE_PARAMETER_ASSIGNMENT        ; SLD_NODE_INFO=805334528                                                                                                                                                                                                                                                              ; --            ; --                      ; auto_signaltap_0                  ;
; SLD_NODE_PARAMETER_ASSIGNMENT        ; SLD_POWER_UP_TRIGGER=0                                                                                                                                                                                                                                                               ; --            ; --                      ; auto_signaltap_0                  ;
; SLD_NODE_PARAMETER_ASSIGNMENT        ; SLD_STORAGE_QUALIFIER_INVERSION_MASK_LENGTH=0                                                                                                                                                                                                                                        ; --            ; --                      ; auto_signaltap_0                  ;
; SLD_NODE_PARAMETER_ASSIGNMENT        ; SLD_ATTRIBUTE_MEM_MODE=OFF                                                                                                                                                                                                                                                           ; --            ; --                      ; auto_signaltap_0                  ;
; SLD_NODE_PARAMETER_ASSIGNMENT        ; SLD_STATE_FLOW_USE_GENERATED=0                                                                                                                                                                                                                                                       ; --            ; --                      ; auto_signaltap_0                  ;
; SLD_NODE_PARAMETER_ASSIGNMENT        ; SLD_STATE_BITS=11                                                                                                                                                                                                                                                                    ; --            ; --                      ; auto_signaltap_0                  ;
; SLD_NODE_PARAMETER_ASSIGNMENT        ; SLD_BUFFER_FULL_STOP=1                                                                                                                                                                                                                                                               ; --            ; --                      ; auto_signaltap_0                  ;
; SLD_NODE_PARAMETER_ASSIGNMENT        ; SLD_CURRENT_RESOURCE_WIDTH=1                                                                                                                                                                                                                                                         ; --            ; --                      ; auto_signaltap_0                  ;
; SLD_NODE_PARAMETER_ASSIGNMENT        ; SLD_INCREMENTAL_ROUTING=1                                                                                                                                                                                                                                                            ; --            ; --                      ; auto_signaltap_0                  ;
; SLD_NODE_PARAMETER_ASSIGNMENT        ; SLD_TRIGGER_LEVEL=1                                                                                                                                                                                                                                                                  ; --            ; --                      ; auto_signaltap_0                  ;
; SLD_NODE_PARAMETER_ASSIGNMENT        ; SLD_TRIGGER_IN_ENABLED=0                                                                                                                                                                                                                                                             ; --            ; --                      ; auto_signaltap_0                  ;
; SLD_NODE_PARAMETER_ASSIGNMENT        ; SLD_TRIGGER_PIPELINE=0                                                                                                                                                                                                                                                               ; --            ; --                      ; auto_signaltap_0                  ;
; SLD_NODE_PARAMETER_ASSIGNMENT        ; SLD_RAM_PIPELINE=0                                                                                                                                                                                                                                                                   ; --            ; --                      ; auto_signaltap_0                  ;
; SLD_NODE_PARAMETER_ASSIGNMENT        ; SLD_COUNTER_PIPELINE=0                                                                                                                                                                                                                                                               ; --            ; --                      ; auto_signaltap_0                  ;
; SLD_NODE_PARAMETER_ASSIGNMENT        ; SLD_ADVANCED_TRIGGER_ENTITY=basic,1,                                                                                                                                                                                                                                                 ; --            ; --                      ; auto_signaltap_0                  ;
; SLD_NODE_PARAMETER_ASSIGNMENT        ; SLD_TRIGGER_LEVEL_PIPELINE=1                                                                                                                                                                                                                                                         ; --            ; --                      ; auto_signaltap_0                  ;
; SLD_NODE_PARAMETER_ASSIGNMENT        ; SLD_ENABLE_ADVANCED_TRIGGER=0                                                                                                                                                                                                                                                        ; --            ; --                      ; auto_signaltap_0                  ;
; SLD_NODE_PARAMETER_ASSIGNMENT        ; SLD_DATA_BITS=78                                                                                                                                                                                                                                                                     ; --            ; --                      ; auto_signaltap_0                  ;
; SLD_NODE_PARAMETER_ASSIGNMENT        ; SLD_TRIGGER_BITS=77                                                                                                                                                                                                                                                                  ; --            ; --                      ; auto_signaltap_0                  ;
; SLD_NODE_PARAMETER_ASSIGNMENT        ; SLD_STORAGE_QUALIFIER_BITS=78                                                                                                                                                                                                                                                        ; --            ; --                      ; auto_signaltap_0                  ;
; SLD_NODE_PARAMETER_ASSIGNMENT        ; SLD_INVERSION_MASK=00000000000000000000000000000000000000000000000000000000000000000000000000000000000000000000000000000000000000000000000000000000000000000000000000000000000000000000000000000000000000000000000000000000000000000000000000000000000000000000000000000000000000000 ; --            ; --                      ; auto_signaltap_0                  ;
; SLD_NODE_PARAMETER_ASSIGNMENT        ; SLD_INVERSION_MASK_LENGTH=257                                                                                                                                                                                                                                                        ; --            ; --                      ; auto_signaltap_0                  ;
; SLD_NODE_PARAMETER_ASSIGNMENT        ; SLD_SEGMENT_SIZE=4096                                                                                                                                                                                                                                                                ; --            ; --                      ; auto_signaltap_0                  ;
; SLD_NODE_PARAMETER_ASSIGNMENT        ; SLD_SAMPLE_DEPTH=4096                                                                                                                                                                                                                                                                ; --            ; --                      ; auto_signaltap_0                  ;
; SOPCINFO_FILE                        ; clktrial2/synthesis/../../clktrial2.sopcinfo                                                                                                                                                                                                                                         ; --            ; --                      ; --                                ;
; SOPCINFO_FILE                        ; clktrial1/synthesis/../../clktrial1.sopcinfo                                                                                                                                                                                                                                         ; --            ; --                      ; --                                ;
; SYNTHESIS_ONLY_QIP                   ; On                                                                                                                                                                                                                                                                                   ; --            ; --                      ; --                                ;
; SYNTHESIS_ONLY_QIP                   ; On                                                                                                                                                                                                                                                                                   ; --            ; --                      ; --                                ;
; TOP_LEVEL_ENTITY                     ; PIPELINE_MIPS_PROCESSOR                                                                                                                                                                                                                                                              ; Full_pipline  ; --                      ; --                                ;
; USE_SIGNALTAP_FILE                   ; stp1.stp                                                                                                                                                                                                                                                                             ; --            ; --                      ; --                                ;
+--------------------------------------+--------------------------------------------------------------------------------------------------------------------------------------------------------------------------------------------------------------------------------------------------------------------------------------+---------------+-------------------------+-----------------------------------+


+--------------------------------------------------------------------------------------------------------------------------+
; Flow Elapsed Time                                                                                                        ;
+----------------------+--------------+-------------------------+---------------------+------------------------------------+
; Module Name          ; Elapsed Time ; Average Processors Used ; Peak Virtual Memory ; Total CPU Time (on all processors) ;
+----------------------+--------------+-------------------------+---------------------+------------------------------------+
; Analysis & Synthesis ; 00:00:31     ; 1.0                     ; 4920 MB             ; 00:00:16                           ;
; Fitter               ; 00:00:12     ; 2.3                     ; 6485 MB             ; 00:00:14                           ;
; Assembler            ; 00:00:03     ; 1.0                     ; 4709 MB             ; 00:00:01                           ;
; Timing Analyzer      ; 00:00:03     ; 3.8                     ; 4997 MB             ; 00:00:05                           ;
; EDA Netlist Writer   ; 00:00:02     ; 1.0                     ; 4687 MB             ; 00:00:01                           ;
; Total                ; 00:00:51     ; --                      ; --                  ; 00:00:37                           ;
+----------------------+--------------+-------------------------+---------------------+------------------------------------+


+------------------------------------------------------------------------------------+
; Flow OS Summary                                                                    ;
+----------------------+------------------+------------+------------+----------------+
; Module Name          ; Machine Hostname ; OS Name    ; OS Version ; Processor type ;
+----------------------+------------------+------------+------------+----------------+
; Analysis & Synthesis ; DESKTOP-3NK20IJ  ; Windows 10 ; 10.0       ; x86_64         ;
; Fitter               ; DESKTOP-3NK20IJ  ; Windows 10 ; 10.0       ; x86_64         ;
; Assembler            ; DESKTOP-3NK20IJ  ; Windows 10 ; 10.0       ; x86_64         ;
; Timing Analyzer      ; DESKTOP-3NK20IJ  ; Windows 10 ; 10.0       ; x86_64         ;
; EDA Netlist Writer   ; DESKTOP-3NK20IJ  ; Windows 10 ; 10.0       ; x86_64         ;
+----------------------+------------------+------------+------------+----------------+


------------
; Flow Log ;
------------
quartus_map --read_settings_files=on --write_settings_files=off LastPipelineBeforeOOO -c Full_pipline
quartus_fit --read_settings_files=off --write_settings_files=off LastPipelineBeforeOOO -c Full_pipline
quartus_asm --read_settings_files=off --write_settings_files=off LastPipelineBeforeOOO -c Full_pipline
quartus_sta LastPipelineBeforeOOO -c Full_pipline
quartus_eda --read_settings_files=off --write_settings_files=off LastPipelineBeforeOOO -c Full_pipline



